d:\vs_projects\snakefinal\snakefinal\x64\debug\vc143.pdb
d:\vs_projects\snakefinal\snakefinal\x64\debug\vc143.idb
d:\vs_projects\snakefinal\snakefinal\x64\debug\winconsole.obj
d:\vs_projects\snakefinal\snakefinal\x64\debug\sound.obj
d:\vs_projects\snakefinal\snakefinal\x64\debug\save_reload.obj
d:\vs_projects\snakefinal\snakefinal\x64\debug\menu.obj
d:\vs_projects\snakefinal\snakefinal\x64\debug\main.obj
d:\vs_projects\snakefinal\snakefinal\x64\debug\logic.obj
d:\vs_projects\snakefinal\snakefinal\x64\debug\graphics.obj
d:\vs_projects\snakefinal\x64\debug\snakefinal.exe
d:\vs_projects\snakefinal\x64\debug\snakefinal.pdb
d:\vs_projects\snakefinal\snakefinal\x64\debug\snakefinal.ilk
d:\vs_projects\snakefinal\snakefinal\x64\debug\snakefinal.tlog\cl.command.1.tlog
d:\vs_projects\snakefinal\snakefinal\x64\debug\snakefinal.tlog\cl.items.tlog
d:\vs_projects\snakefinal\snakefinal\x64\debug\snakefinal.tlog\cl.read.1.tlog
d:\vs_projects\snakefinal\snakefinal\x64\debug\snakefinal.tlog\cl.write.1.tlog
d:\vs_projects\snakefinal\snakefinal\x64\debug\snakefinal.tlog\link.command.1.tlog
d:\vs_projects\snakefinal\snakefinal\x64\debug\snakefinal.tlog\link.read.1.tlog
d:\vs_projects\snakefinal\snakefinal\x64\debug\snakefinal.tlog\link.secondary.1.tlog
d:\vs_projects\snakefinal\snakefinal\x64\debug\snakefinal.tlog\link.write.1.tlog
